Visual Studio Code (1.68.1, ssh-remote, desktop)
Jupyter Extension Version: 2022.5.1001601848.
Python Extension Version: 2022.8.0.
Workspace folder /home/pi
info 8:8:51.639: ZMQ install verified.
User belongs to experiment group 'jupyterTestcf'
User belongs to experiment group 'jupyterEnhancedDataViewer'
info 8:8:54.128: LSP Notebooks experiment is disabled -- not in treatment group
info 8:8:54.649: Experiment status for python is {"enabled":true,"optInto":[],"optOutFrom":[]}
info 8:8:55.283: Process Execution: > /usr/bin/python3 -m pip list
> /usr/bin/python3 -m pip list
info 8:8:55.426: Process Execution: > /usr/bin/python3 -c "import pip"
> /usr/bin/python3 -c "import pip"
info 10:13:2.817: Shutting down notebooks for d327f94e-ec27-4856-bf38-f71a8d766d98
info 10:13:2.817: Disposing HostJupyterExecution b69dbe99-5bdc-4e13-be60-9944e69fb99e
info 10:13:2.817: Disposing super HostJupyterExecution b69dbe99-5bdc-4e13-be60-9944e69fb99e
info 10:13:2.819: Disposing HostJupyterExecution b69dbe99-5bdc-4e13-be60-9944e69fb99e
info 10:13:2.819: Finished disposing HostJupyterExecution  b69dbe99-5bdc-4e13-be60-9944e69fb99e
info 10:13:2.840: Cleaning up server cache b69dbe99-5bdc-4e13-be60-9944e69fb99e
info 10:13:2.841: Finished disposing HostJupyterExecution  b69dbe99-5bdc-4e13-be60-9944e69fb99e
