[2022-06-22 10:01:10.470] [exthost] [info] Extension host with pid 1376 started
[2022-06-22 10:01:10.480] [exthost] [error] Error: EEXIST: file already exists, open '/home/pi/.vscode-server/data/User/workspaceStorage/3e64d3c57b98f012603ebf39fecbf601/vscode.lock'
[2022-06-22 10:01:10.501] [exthost] [info] Lock '/home/pi/.vscode-server/data/User/workspaceStorage/3e64d3c57b98f012603ebf39fecbf601/vscode.lock': Could not acquire lock, checking if the file is stale.
[2022-06-22 10:01:10.511] [exthost] [info] Lock '/home/pi/.vscode-server/data/User/workspaceStorage/3e64d3c57b98f012603ebf39fecbf601/vscode.lock': The pid 1370 appears to be gone.
[2022-06-22 10:01:10.511] [exthost] [info] Lock '/home/pi/.vscode-server/data/User/workspaceStorage/3e64d3c57b98f012603ebf39fecbf601/vscode.lock': Deleting a stale lock.
[2022-06-22 10:01:10.527] [exthost] [info] Lock '/home/pi/.vscode-server/data/User/workspaceStorage/3e64d3c57b98f012603ebf39fecbf601/vscode.lock': Lock acquired.
[2022-06-22 10:01:10.816] [exthost] [info] ExtensionService#_doActivateExtension ms-python.python, startup: false, activationEvent: 'onLanguage:python'
[2022-06-22 10:01:12.232] [exthost] [info] ExtensionService#_doActivateExtension ms-toolsai.jupyter, startup: false, activationEvent: 'onLanguage:python'
[2022-06-22 10:01:13.494] [exthost] [info] ExtensionService#_doActivateExtension vscode.debug-auto-launch, startup: true, activationEvent: '*'
[2022-06-22 10:01:13.509] [exthost] [info] ExtensionService#_doActivateExtension vscode.git-base, startup: true, activationEvent: '*', root cause: vscode.git
[2022-06-22 10:01:13.527] [exthost] [info] ExtensionService#_doActivateExtension vscode.ipynb, startup: true, activationEvent: '*'
[2022-06-22 10:01:14.252] [exthost] [info] ExtensionService#_doActivateExtension vscode.git, startup: true, activationEvent: '*'
[2022-06-22 10:01:14.531] [exthost] [info] ExtensionService#_doActivateExtension vscode.github, startup: true, activationEvent: '*'
[2022-06-22 10:01:14.976] [exthost] [info] ExtensionService#_doActivateExtension vscode.emmet, startup: false, activationEvent: 'onStartupFinished'
[2022-06-22 10:01:15.043] [exthost] [info] ExtensionService#_doActivateExtension vscode.merge-conflict, startup: false, activationEvent: 'onStartupFinished'
[2022-06-22 10:01:15.062] [exthost] [info] Eager extensions activated
[2022-06-22 10:01:16.500] [exthost] [info] ExtensionService#_doActivateExtension ms-toolsai.jupyter-renderers, startup: false, activationEvent: 'api', root cause: ms-toolsai.jupyter
[2022-06-22 10:01:16.624] [exthost] [info] ExtensionService#_doActivateExtension ms-python.vscode-pylance, startup: false, activationEvent: 'onLanguage:python'
[2022-06-22 10:48:37.861] [exthost] [warning] ms-python.python - Code actions of kind 'quickfix 'requested but returned code action is of kind 'refactor.extract'. Code action will be dropped. Please check 'CodeActionContext.only' to only return requested code actions.
[2022-06-22 10:56:08.696] [exthost] [warning] ms-python.python - Code actions of kind 'quickfix 'requested but returned code action is of kind 'refactor.extract'. Code action will be dropped. Please check 'CodeActionContext.only' to only return requested code actions.
[2022-06-22 10:56:08.696] [exthost] [warning] ms-python.python - Code actions of kind 'quickfix 'requested but returned code action is of kind 'refactor.extract'. Code action will be dropped. Please check 'CodeActionContext.only' to only return requested code actions.
[2022-06-22 10:56:20.281] [exthost] [warning] ms-python.python - Code actions of kind 'quickfix 'requested but returned code action is of kind 'refactor.extract'. Code action will be dropped. Please check 'CodeActionContext.only' to only return requested code actions.
[2022-06-22 10:56:20.281] [exthost] [warning] ms-python.python - Code actions of kind 'quickfix 'requested but returned code action is of kind 'refactor.extract'. Code action will be dropped. Please check 'CodeActionContext.only' to only return requested code actions.
[2022-06-22 10:57:25.176] [exthost] [warning] ms-python.python - Code actions of kind 'quickfix 'requested but returned code action is of kind 'refactor.extract'. Code action will be dropped. Please check 'CodeActionContext.only' to only return requested code actions.
[2022-06-22 10:57:25.177] [exthost] [warning] ms-python.python - Code actions of kind 'quickfix 'requested but returned code action is of kind 'refactor.extract'. Code action will be dropped. Please check 'CodeActionContext.only' to only return requested code actions.
