[2022-06-23 08:21:24.482] [exthost] [info] Extension host with pid 1386 started
[2022-06-23 08:21:24.497] [exthost] [error] Error: EEXIST: file already exists, open '/home/pi/.vscode-server/data/User/workspaceStorage/3e64d3c57b98f012603ebf39fecbf601/vscode.lock'
[2022-06-23 08:21:24.523] [exthost] [info] Lock '/home/pi/.vscode-server/data/User/workspaceStorage/3e64d3c57b98f012603ebf39fecbf601/vscode.lock': Could not acquire lock, checking if the file is stale.
[2022-06-23 08:21:24.538] [exthost] [info] Lock '/home/pi/.vscode-server/data/User/workspaceStorage/3e64d3c57b98f012603ebf39fecbf601/vscode.lock': The pid 1311 appears to be gone.
[2022-06-23 08:21:24.538] [exthost] [info] Lock '/home/pi/.vscode-server/data/User/workspaceStorage/3e64d3c57b98f012603ebf39fecbf601/vscode.lock': Deleting a stale lock.
[2022-06-23 08:21:24.555] [exthost] [info] Lock '/home/pi/.vscode-server/data/User/workspaceStorage/3e64d3c57b98f012603ebf39fecbf601/vscode.lock': Lock acquired.
[2022-06-23 08:21:24.737] [exthost] [info] ExtensionService#_doActivateExtension ms-python.python, startup: false, activationEvent: 'onLanguage:python'
[2022-06-23 08:21:26.088] [exthost] [info] ExtensionService#_doActivateExtension ms-toolsai.jupyter, startup: false, activationEvent: 'onLanguage:python'
[2022-06-23 08:21:27.515] [exthost] [info] ExtensionService#_doActivateExtension vscode.debug-auto-launch, startup: true, activationEvent: '*'
[2022-06-23 08:21:27.538] [exthost] [info] ExtensionService#_doActivateExtension vscode.git-base, startup: true, activationEvent: '*', root cause: vscode.git
[2022-06-23 08:21:27.557] [exthost] [info] ExtensionService#_doActivateExtension vscode.ipynb, startup: true, activationEvent: '*'
[2022-06-23 08:21:28.472] [exthost] [info] ExtensionService#_doActivateExtension vscode.git, startup: true, activationEvent: '*'
[2022-06-23 08:21:28.774] [exthost] [info] ExtensionService#_doActivateExtension vscode.github, startup: true, activationEvent: '*'
[2022-06-23 08:21:29.461] [exthost] [info] ExtensionService#_doActivateExtension vscode.emmet, startup: false, activationEvent: 'onStartupFinished'
[2022-06-23 08:21:29.543] [exthost] [info] ExtensionService#_doActivateExtension vscode.merge-conflict, startup: false, activationEvent: 'onStartupFinished'
[2022-06-23 08:21:29.570] [exthost] [info] Eager extensions activated
[2022-06-23 08:21:31.182] [exthost] [info] ExtensionService#_doActivateExtension ms-toolsai.jupyter-renderers, startup: false, activationEvent: 'api', root cause: ms-toolsai.jupyter
[2022-06-23 08:21:31.586] [exthost] [info] ExtensionService#_doActivateExtension ms-python.vscode-pylance, startup: false, activationEvent: 'onLanguage:python'
[2022-06-23 08:21:55.657] [exthost] [warning] ms-python.python - Code actions of kind 'quickfix 'requested but returned code action is of kind 'refactor.extract'. Code action will be dropped. Please check 'CodeActionContext.only' to only return requested code actions.
[2022-06-23 08:21:55.658] [exthost] [warning] ms-python.python - Code actions of kind 'quickfix 'requested but returned code action is of kind 'refactor.extract'. Code action will be dropped. Please check 'CodeActionContext.only' to only return requested code actions.
[2022-06-23 08:21:56.761] [exthost] [warning] ms-python.python - Code actions of kind 'quickfix 'requested but returned code action is of kind 'refactor.extract'. Code action will be dropped. Please check 'CodeActionContext.only' to only return requested code actions.
[2022-06-23 08:21:56.761] [exthost] [warning] ms-python.python - Code actions of kind 'quickfix 'requested but returned code action is of kind 'refactor.extract'. Code action will be dropped. Please check 'CodeActionContext.only' to only return requested code actions.
[2022-06-23 08:21:57.341] [exthost] [warning] ms-python.python - Code actions of kind 'quickfix 'requested but returned code action is of kind 'refactor.extract'. Code action will be dropped. Please check 'CodeActionContext.only' to only return requested code actions.
[2022-06-23 08:21:57.341] [exthost] [warning] ms-python.python - Code actions of kind 'quickfix 'requested but returned code action is of kind 'refactor.extract'. Code action will be dropped. Please check 'CodeActionContext.only' to only return requested code actions.
