*
* Visual Studio Code Server
*
* By using the software, you agree to
* the Visual Studio Code Server License Terms (https://aka.ms/vscode-server-license) and
* the Microsoft Privacy Statement (https://privacy.microsoft.com/en-US/privacystatement).
*
Server bound to 127.0.0.1:33153 (IPv4)
Extension host agent listening on 33153

[10:05:29] Extension host agent started.
[10:05:29] [127.0.0.1][a2cfea15][ManagementConnection] Unknown reconnection token (never seen).
[10:05:29] [/home/pi/.vscode-server/extensions/ms-python.vscode-pylance-2022.6.30]: Failed to parse /home/pi/.vscode-server/extensions/ms-python.vscode-pylance-2022.6.30/package.nls.json: Value expected.
[10:05:29] [127.0.0.1][f8e740c0][ExtensionHostConnection] Unknown reconnection token (never seen).
[10:05:29] [/home/pi/.vscode-server/extensions/ms-python.vscode-pylance-2022.6.30]: Failed to parse /home/pi/.vscode-server/extensions/ms-python.vscode-pylance-2022.6.30/package.nls.json: Value expected.
[10:05:29] [/home/pi/.vscode-server/extensions/ms-python.vscode-pylance-2022.6.30]: Failed to parse /home/pi/.vscode-server/extensions/ms-python.vscode-pylance-2022.6.30/package.nls.json: Value expected.
[10:05:38] [127.0.0.1][a6e67dee][ManagementConnection] New connection established.
[10:05:38] [127.0.0.1][6ad24ec7][ExtensionHostConnection] New connection established.
[10:05:38] [127.0.0.1][6ad24ec7][ExtensionHostConnection] <1371> Launched Extension Host Process.
[10:05:38] [/home/pi/.vscode-server/extensions/ms-python.vscode-pylance-2022.6.30]: Failed to parse /home/pi/.vscode-server/extensions/ms-python.vscode-pylance-2022.6.30/package.nls.json: Value expected.
[10:05:38] [/home/pi/.vscode-server/extensions/ms-python.vscode-pylance-2022.6.30]: Failed to parse /home/pi/.vscode-server/extensions/ms-python.vscode-pylance-2022.6.30/package.nls.json: Value expected.
[10:05:38] [/home/pi/.vscode-server/extensions/ms-python.vscode-pylance-2022.6.30]: Failed to parse /home/pi/.vscode-server/extensions/ms-python.vscode-pylance-2022.6.30/package.nls.json: Value expected.
[10:05:40] [/home/pi/.vscode-server/extensions/ms-python.vscode-pylance-2022.6.30]: Failed to parse /home/pi/.vscode-server/extensions/ms-python.vscode-pylance-2022.6.30/package.nls.json: Value expected.
[10:05:40] [/home/pi/.vscode-server/extensions/ms-python.vscode-pylance-2022.6.30]: Failed to parse /home/pi/.vscode-server/extensions/ms-python.vscode-pylance-2022.6.30/package.nls.json: Value expected.
[10:05:41] [/home/pi/.vscode-server/extensions/ms-python.vscode-pylance-2022.6.30]: Failed to parse /home/pi/.vscode-server/extensions/ms-python.vscode-pylance-2022.6.30/package.nls.json: Value expected.
[10:05:41] [/home/pi/.vscode-server/extensions/ms-python.vscode-pylance-2022.6.30]: Failed to parse /home/pi/.vscode-server/extensions/ms-python.vscode-pylance-2022.6.30/package.nls.json: Value expected.
[10:05:42] [/home/pi/.vscode-server/extensions/ms-python.vscode-pylance-2022.6.30]: Failed to parse /home/pi/.vscode-server/extensions/ms-python.vscode-pylance-2022.6.30/package.nls.json: Value expected.
[10:10:41] [/home/pi/.vscode-server/extensions/ms-python.vscode-pylance-2022.6.30]: Failed to parse /home/pi/.vscode-server/extensions/ms-python.vscode-pylance-2022.6.30/package.nls.json: Value expected.
[10:15:41] [/home/pi/.vscode-server/extensions/ms-python.vscode-pylance-2022.6.30]: Failed to parse /home/pi/.vscode-server/extensions/ms-python.vscode-pylance-2022.6.30/package.nls.json: Value expected.
[10:20:41] [/home/pi/.vscode-server/extensions/ms-python.vscode-pylance-2022.6.30]: Failed to parse /home/pi/.vscode-server/extensions/ms-python.vscode-pylance-2022.6.30/package.nls.json: Value expected.
[10:25:42] [/home/pi/.vscode-server/extensions/ms-python.vscode-pylance-2022.6.30]: Failed to parse /home/pi/.vscode-server/extensions/ms-python.vscode-pylance-2022.6.30/package.nls.json: Value expected.
